2018-04-01T16:30:35.759Z - normal: Load ~/.CocosCreator/settings.json
2018-04-01T16:30:35.763Z - normal: checking language setting...
2018-04-01T16:30:35.763Z - normal: Language: zh
2018-04-01T16:30:38.491Z - success: protocol editor-framework registered
2018-04-01T16:30:38.491Z - success: protocol app registered
2018-04-01T16:30:38.491Z - success: protocol theme registered
2018-04-01T16:30:38.491Z - success: protocol packages registered
2018-04-01T16:30:38.492Z - success: protocol unpack registerred
2018-04-01T16:30:38.492Z - success: protocol disable-commonjs registerred
2018-04-01T16:30:38.757Z - normal: connected!
2018-04-01T16:30:38.765Z - normal: Check project D:\Workspace_Chess\dtz\dtz-client
2018-04-01T16:30:38.785Z - normal: Initializing Cocos2d
2018-04-01T16:30:39.640Z - normal: Initializing Asset Database
2018-04-01T16:30:39.691Z - success: protocol uuid registerred
2018-04-01T16:30:39.691Z - success: protocol db registerred
2018-04-01T16:30:39.691Z - success: protocol thumbnail registerred
2018-04-01T16:30:39.691Z - normal: Loading editor/builtin packages
2018-04-01T16:30:39.803Z - success: anysdk loaded
2018-04-01T16:30:39.974Z - success: assets loaded
2018-04-01T16:30:39.988Z - success: builder loaded
2018-04-01T16:30:39.990Z - success: cocos-analytics loaded
2018-04-01T16:30:40.004Z - success: console loaded
2018-04-01T16:30:40.044Z - success: fb-instant-games loaded
2018-04-01T16:30:40.047Z - success: hierarchy loaded
2018-04-01T16:30:40.050Z - success: inspector loaded
2018-04-01T16:30:40.051Z - success: keystore loaded
2018-04-01T16:30:40.053Z - success: node-library loaded
2018-04-01T16:30:40.054Z - success: package-asset loaded
2018-04-01T16:30:40.056Z - success: preferences loaded
2018-04-01T16:30:40.057Z - success: project-exporter loaded
2018-04-01T16:30:40.094Z - success: project-importer loaded
2018-04-01T16:30:40.095Z - success: project-settings loaded
2018-04-01T16:30:40.096Z - success: ui-kit loaded
2018-04-01T16:30:40.110Z - success: ui-grid loaded
2018-04-01T16:30:40.113Z - success: scene loaded
2018-04-01T16:30:40.114Z - success: sprite-editor loaded
2018-04-01T16:30:40.116Z - success: store loaded
2018-04-01T16:30:40.119Z - success: timeline loaded
2018-04-01T16:30:40.120Z - normal: Loading builtin packages
2018-04-01T16:30:40.129Z - success: asset-db-debugger loaded
2018-04-01T16:30:40.130Z - success: code-editor loaded
2018-04-01T16:30:40.139Z - success: color-picker loaded
2018-04-01T16:30:40.140Z - success: package-manager loaded
2018-04-01T16:30:40.154Z - success: sdkbox loaded
2018-04-01T16:30:40.156Z - success: tester loaded
2018-04-01T16:30:40.157Z - success: ui-kit-preview-extra loaded
2018-04-01T16:30:40.158Z - success: ui-kit-preview loaded
2018-04-01T16:30:40.159Z - success: ui-tree loaded
2018-04-01T16:30:41.690Z - normal: Initializing project D:\Workspace_Chess\dtz\dtz-client
2018-04-01T16:30:41.716Z - normal: Loading packages
2018-04-01T16:30:41.726Z - normal: Watching packages
2018-04-01T16:30:41.761Z - normal: Run Application
2018-04-01T16:30:44.202Z - success: preview server running at http://localhost:7456
2018-04-01T16:30:49.749Z - normal: 1.9.0
2018-04-01T17:07:24.906Z - info: shutdown preview server
